<?xml version="1.0" encoding="UTF-8"?>
<testng-results ignored="0" total="1" passed="1" failed="0" skipped="0">
  <reporter-output>
  </reporter-output>
  <suite started-at="2022-07-15T10:26:44 IST" name="Default suite" finished-at="2022-07-15T10:26:47 IST" duration-ms="3577">
    <groups>
    </groups>
    <test started-at="2022-07-15T10:26:44 IST" name="Default test" finished-at="2022-07-15T10:26:47 IST" duration-ms="3577">
      <class name="RestAssured.SimplePojo">
        <test-method is-config="true" signature="beforeClass()[pri:0, instance:RestAssured.SimplePojo@15eb5ee5]" started-at="2022-07-15T10:26:44 IST" name="beforeClass" finished-at="2022-07-15T10:26:45 IST" duration-ms="709" status="PASS">
          <reporter-output>
          </reporter-output>
        </test-method> <!-- beforeClass -->
        <test-method signature="simple_pojo_serialized()[pri:0, instance:RestAssured.SimplePojo@15eb5ee5]" started-at="2022-07-15T10:26:45 IST" name="simple_pojo_serialized" finished-at="2022-07-15T10:26:47 IST" duration-ms="2828" status="PASS">
          <reporter-output>
          </reporter-output>
        </test-method> <!-- simple_pojo_serialized -->
      </class> <!-- RestAssured.SimplePojo -->
    </test> <!-- Default test -->
  </suite> <!-- Default suite -->
</testng-results>
